<?xml version="1.0" encoding="UTF-8"?>
<!-- Generated by org.testng.reporters.JUnitXMLReporter -->
<testsuite ignored="2" hostname="DESKTOP-GGQ6OF8" failures="1" tests="2" name="Test" time="52.65" errors="0" timestamp="2024-11-06T21:51:13 IST">
  <testcase classname="com.facebook.testlayer.LoginTest" name="verifylogintest" time="0.173">
    <failure type="java.lang.AssertionError" message="null">
      <![CDATA[java.lang.AssertionError: null
at com.facebook.testlayer.LoginTest.verifylogintest(LoginTest.java:16)
at java.base/java.util.ArrayList.forEach(ArrayList.java:1511)
... Removed 27 stack frames]]>
    </failure>
  </testcase> <!-- verifylogintest -->
  <testcase classname="com.facebook.testlayer.SignUpTest" name="verifysignuptest" time="45.079"/>
  <testcase classname="com.facebook.testbaselayer.Testbase" name="@BeforeTest start" time="0.0">
    <ignored/>
  </testcase> <!-- @BeforeTest start -->
  <testcase classname="com.facebook.testbaselayer.Testbase" name="@AfterTest stop" time="0.0">
    <ignored/>
  </testcase> <!-- @AfterTest stop -->
</testsuite> <!-- Test -->
